build/app/intermediates/manifest_merge_blame_file/release/manifest-merger-blame-release-report.txt
1<?xml version="1.0" encoding="utf-8"?>
2<manifest xmlns:android="http://schemas.android.com/apk/res/android"
3    package="com.example.flutter_app"
4    android:versionCode="1001"
5    android:versionName="1.0.0" >
6
7    <uses-sdk
8        android:minSdkVersion="19"
8-->src\main\AndroidManifest.xml
9        android:targetSdkVersion="33" />
9-->src\main\AndroidManifest.xml
10    <!--
11     io.flutter.app.FlutterApplication is an android.app.Application that
12         calls FlutterMain.startInitialization(this); in its onCreate method.
13         In most cases you can leave this as-is, but you if you want to provide
14         additional functionality it is fine to subclass or reimplement
15         FlutterApplication and put your custom class here.
16    -->
17    <application
18        android:name="android.app.Application"
18-->src\main\AndroidManifest.xml:9:9-42
19        android:appComponentFactory="androidx.core.app.CoreComponentFactory"
19-->[androidx.core:core:1.6.0] AndroidManifest.xml:24:18-86
20        android:icon="@mipmap/launcher_icon"
20-->src\main\AndroidManifest.xml:11:9-45
21        android:label="KYP FooD" >
21-->src\main\AndroidManifest.xml:10:9-33
22        <activity
22-->src\main\AndroidManifest.xml:12:9-23:20
23            android:name="com.example.flutter_app.MainActivity"
23-->src\main\AndroidManifest.xml:13:13-41
24            android:configChanges="orientation|keyboardHidden|keyboard|screenSize|smallestScreenSize|locale|layoutDirection|fontScale|screenLayout|density|uiMode"
24-->src\main\AndroidManifest.xml:16:13-163
25            android:hardwareAccelerated="true"
25-->src\main\AndroidManifest.xml:17:13-47
26            android:launchMode="singleTop"
26-->src\main\AndroidManifest.xml:14:13-43
27            android:theme="@style/LaunchTheme"
27-->src\main\AndroidManifest.xml:15:13-47
28            android:windowSoftInputMode="adjustResize" >
28-->src\main\AndroidManifest.xml:18:13-55
29            <intent-filter>
29-->src\main\AndroidManifest.xml:19:13-22:29
30                <action android:name="android.intent.action.MAIN" />
30-->src\main\AndroidManifest.xml:20:17-68
30-->src\main\AndroidManifest.xml:20:25-66
31
32                <category android:name="android.intent.category.LAUNCHER" />
32-->src\main\AndroidManifest.xml:21:17-76
32-->src\main\AndroidManifest.xml:21:27-74
33            </intent-filter>
34        </activity>
35        <!--
36             Don't delete the meta-data below.
37             This is used by the Flutter tool to generate GeneratedPluginRegistrant.java
38        -->
39        <meta-data
39-->src\main\AndroidManifest.xml:26:9-28:33
40            android:name="flutterEmbedding"
40-->src\main\AndroidManifest.xml:27:13-44
41            android:value="2" />
41-->src\main\AndroidManifest.xml:28:13-30
42
43        <uses-library
43-->[androidx.window:window:1.0.0-beta04] AndroidManifest.xml:25:9-27:40
44            android:name="androidx.window.extensions"
44-->[androidx.window:window:1.0.0-beta04] AndroidManifest.xml:26:13-54
45            android:required="false" />
45-->[androidx.window:window:1.0.0-beta04] AndroidManifest.xml:27:13-37
46        <uses-library
46-->[androidx.window:window:1.0.0-beta04] AndroidManifest.xml:28:9-30:40
47            android:name="androidx.window.sidecar"
47-->[androidx.window:window:1.0.0-beta04] AndroidManifest.xml:29:13-51
48            android:required="false" />
48-->[androidx.window:window:1.0.0-beta04] AndroidManifest.xml:30:13-37
49    </application>
50
51</manifest>